Suite: gnc_ablation_tau04_usd19_no_sri_lanka_bd5d48e_20260612_v2
Output: data/outputs/return_forecasting/gnc_ablation_tau04_usd19_no_sri_lanka_bd5d48e_20260612_v2
Cleaned GNC: /tmp/gnc_ablation_tau04_inputs/final_runs/tau04_hk_28623539/daily_container_index/country_gnc.csv
Market indices: /tmp/gnc_ablation_tau04_inputs/final_runs/tau04_hk_28623539/inputs/all_market_indices_with_hong_kong.csv
Return currency: USD
Models: historical_mean, always_positive, ols_predictive, elastic_net_panel, distributed_lag, random_forest_panel
Horizons: [1, 2, 3, 4, 5]
Excluded countries: Sri Lanka
Selected segmentation model: 03_bce_dice_group_100ep_20260521_204006 | threshold=0.4
Loaded GNC rows: 13,017
Loaded monthly market return rows: 2,109

================================================================================
Feature set=with_gnc | h=1
Panel: 11,651 rows | 19 countries | eval rows=8,259
Running model: historical_mean
  produced 11,651 predictions
Running model: always_positive
  produced 11,651 predictions
Running model: ols_predictive
  produced 11,651 predictions
Running model: elastic_net_panel
  produced 11,651 predictions
Running model: distributed_lag
  produced 11,651 predictions
Running model: random_forest_panel
  produced 11,651 predictions
 forecast_horizon_months feature_set            model_id  n_predictions  n_countries   date_min   date_max     rmse      mae      bias      corr  directional_accuracy  active_directional_accuracy  predicted_positive_rate  actual_positive_rate  mean_actual_return  mean_predicted_return  strategy_mean_monthly_return  strategy_monthly_vol  strategy_annualized_sharpe  rmse_improvement_vs_historical_mean
                       1    with_gnc     distributed_lag           8259           19 2020-01-01 2026-04-01 0.051791 0.037780 -0.003806  0.717063              0.828672                     0.828672                 0.653106              0.591476            0.007542               0.003737                      0.033614              0.049734                    2.341333                             0.139663
                       1    with_gnc random_forest_panel           8259           19 2020-01-01 2026-04-01 0.053181 0.037267 -0.003379  0.606205              0.840538                     0.840538                 0.634944              0.591476            0.007542               0.004163                      0.031574              0.051053                    2.142342                             0.116563
                       1    with_gnc   elastic_net_panel           8259           19 2020-01-01 2026-04-01 0.057628 0.042049 -0.004280  0.351111              0.711830                     0.711830                 0.664608              0.591476            0.007542               0.003263                      0.018752              0.057024                    1.139125                             0.042696
                       1    with_gnc      ols_predictive           8259           19 2020-01-01 2026-04-01 0.060198 0.044650 -0.004860 -0.033777              0.559148                     0.559148                 0.665698              0.591476            0.007542               0.002683                      0.001993              0.059995                    0.115054                             0.000008
                       1    with_gnc     historical_mean           8259           19 2020-01-01 2026-04-01 0.060198 0.044652 -0.004853 -0.034340              0.560601                     0.560601                 0.666182              0.591476            0.007542               0.002689                      0.002038              0.059993                    0.117654                             0.000000
                       1    with_gnc     always_positive           8259           19 2020-01-01 2026-04-01 0.994243 0.992458  0.992458       NaN              0.591476                     0.591476                 1.000000              0.591476            0.007542               1.000000                      0.007542              0.059552                    0.438728                           -15.516123

================================================================================
Feature set=with_gnc | h=2
Panel: 11,625 rows | 19 countries | eval rows=8,233
Running model: historical_mean
  produced 11,625 predictions
Running model: always_positive
  produced 11,625 predictions
Running model: ols_predictive
  produced 11,625 predictions
Running model: elastic_net_panel
  produced 11,625 predictions
Running model: distributed_lag
  produced 11,625 predictions
Running model: random_forest_panel
  produced 11,625 predictions
 forecast_horizon_months feature_set            model_id  n_predictions  n_countries   date_min   date_max     rmse      mae      bias     corr  directional_accuracy  active_directional_accuracy  predicted_positive_rate  actual_positive_rate  mean_actual_return  mean_predicted_return  strategy_mean_monthly_return  strategy_monthly_vol  strategy_annualized_sharpe  rmse_improvement_vs_historical_mean
                       2    with_gnc     distributed_lag           8233           19 2020-01-01 2026-03-01 0.079457 0.059310 -0.009142 0.418936              0.685412                     0.685412                 0.681040               0.61132            0.015469               0.006327                      0.031029              0.079530                    1.351545                             0.065064
                       2    with_gnc random_forest_panel           8233           19 2020-01-01 2026-03-01 0.079677 0.059178 -0.007773 0.369903              0.676910                     0.676910                 0.714320               0.61132            0.015469               0.007696                      0.030493              0.079737                    1.324721                             0.062470
                       2    with_gnc   elastic_net_panel           8233           19 2020-01-01 2026-03-01 0.083236 0.062185 -0.009483 0.179054              0.624195                     0.624195                 0.686384               0.61132            0.015469               0.005986                      0.019256              0.083169                    0.802032                             0.020597
                       2    with_gnc     historical_mean           8233           19 2020-01-01 2026-03-01 0.084986 0.063859 -0.010033 0.022118              0.562128                     0.562128                 0.679461               0.61132            0.015469               0.005436                      0.007994              0.084994                    0.325829                             0.000000
                       2    with_gnc      ols_predictive           8233           19 2020-01-01 2026-03-01 0.084989 0.063856 -0.010013 0.021785              0.562371                     0.562371                 0.678732               0.61132            0.015469               0.005456                      0.008025              0.084991                    0.327092                            -0.000037
                       2    with_gnc     always_positive           8233           19 2020-01-01 2026-03-01 0.988104 0.984531  0.984531      NaN              0.611320                     0.611320                 1.000000               0.61132            0.015469               1.000000                      0.015469              0.083956                    0.638260                           -10.626628

================================================================================
Feature set=with_gnc | h=3
Panel: 11,574 rows | 19 countries | eval rows=8,182
Running model: historical_mean
  produced 11,574 predictions
Running model: always_positive
  produced 11,574 predictions
Running model: ols_predictive
  produced 11,574 predictions
Running model: elastic_net_panel
  produced 11,574 predictions
Running model: distributed_lag
  produced 11,574 predictions
Running model: random_forest_panel
  produced 11,574 predictions
 forecast_horizon_months feature_set            model_id  n_predictions  n_countries   date_min   date_max     rmse      mae      bias     corr  directional_accuracy  active_directional_accuracy  predicted_positive_rate  actual_positive_rate  mean_actual_return  mean_predicted_return  strategy_mean_monthly_return  strategy_monthly_vol  strategy_annualized_sharpe  rmse_improvement_vs_historical_mean
                       3    with_gnc random_forest_panel           8182           19 2020-01-01 2026-02-01 0.097095 0.073361 -0.013713 0.300087              0.632975                     0.632975                 0.728062               0.61012            0.023797               0.010084                      0.032093              0.098039                    1.133968                             0.047767
                       3    with_gnc     distributed_lag           8182           19 2020-01-01 2026-02-01 0.097900 0.074362 -0.015967 0.294151              0.633830                     0.633830                 0.679052               0.61012            0.023797               0.007830                      0.030446              0.098563                    1.070054                             0.039865
                       3    with_gnc   elastic_net_panel           8182           19 2020-01-01 2026-02-01 0.100656 0.076491 -0.016169 0.143209              0.601076                     0.601076                 0.674896               0.61012            0.023797               0.007627                      0.021738              0.100842                    0.746728                             0.012840
                       3    with_gnc     historical_mean           8182           19 2020-01-01 2026-02-01 0.101965 0.077674 -0.016699 0.065231              0.560865                     0.560865                 0.660108               0.61012            0.023797               0.007098                      0.011930              0.102466                    0.403320                             0.000000
                       3    with_gnc      ols_predictive           8182           19 2020-01-01 2026-02-01 0.101981 0.077688 -0.016726 0.064797              0.560254                     0.560254                 0.658763               0.61012            0.023797               0.007071                      0.012078              0.102449                    0.408401                            -0.000159
                       3    with_gnc     always_positive           8182           19 2020-01-01 2026-02-01 0.981350 0.976203  0.976203      NaN              0.610120                     0.610120                 1.000000               0.61012            0.023797               1.000000                      0.023797              0.100376                    0.821257                            -8.624351

================================================================================
Feature set=with_gnc | h=4
Panel: 11,488 rows | 19 countries | eval rows=8,096
Running model: historical_mean
  produced 11,488 predictions
Running model: always_positive
  produced 11,488 predictions
Running model: ols_predictive
  produced 11,488 predictions
Running model: elastic_net_panel
  produced 11,488 predictions
Running model: distributed_lag
  produced 11,488 predictions
Running model: random_forest_panel
  produced 11,488 predictions
 forecast_horizon_months feature_set            model_id  n_predictions  n_countries   date_min   date_max     rmse      mae      bias     corr  directional_accuracy  active_directional_accuracy  predicted_positive_rate  actual_positive_rate  mean_actual_return  mean_predicted_return  strategy_mean_monthly_return  strategy_monthly_vol  strategy_annualized_sharpe  rmse_improvement_vs_historical_mean
                       4    with_gnc random_forest_panel           8096           19 2020-01-01 2026-01-01 0.106093 0.081928 -0.021868 0.321244              0.674160                     0.674160                 0.745306              0.653903            0.035298               0.013430                      0.039941              0.107531                    1.286687                             0.055606
                       4    with_gnc     distributed_lag           8096           19 2020-01-01 2026-01-01 0.108839 0.084638 -0.025600 0.251470              0.637969                     0.637969                 0.665143              0.653903            0.035298               0.009697                      0.032353              0.110052                    1.018385                             0.031158
                       4    with_gnc   elastic_net_panel           8096           19 2020-01-01 2026-01-01 0.111116 0.086361 -0.025716 0.144003              0.614377                     0.614377                 0.685524              0.653903            0.035298               0.009582                      0.024462              0.112070                    0.756135                             0.010889
                       4    with_gnc     historical_mean           8096           19 2020-01-01 2026-01-01 0.112340 0.087449 -0.026198 0.090512              0.585104                     0.585104                 0.664155              0.653903            0.035298               0.009099                      0.018278              0.113243                    0.559120                             0.000000
                       4    with_gnc      ols_predictive           8096           19 2020-01-01 2026-01-01 0.112374 0.087479 -0.026283 0.090095              0.584857                     0.584857                 0.661932              0.653903            0.035298               0.009015                      0.018806              0.113157                    0.575726                            -0.000310
                       4    with_gnc     always_positive           8096           19 2020-01-01 2026-01-01 0.970857 0.964702  0.964702      NaN              0.653903                     0.653903                 1.000000              0.653903            0.035298               1.000000                      0.035298              0.109143                    1.120319                            -7.642160

================================================================================
Feature set=with_gnc | h=5
Panel: 11,371 rows | 19 countries | eval rows=7,979
Running model: historical_mean
  produced 11,371 predictions
Running model: always_positive
  produced 11,371 predictions
Running model: ols_predictive
  produced 11,371 predictions
Running model: elastic_net_panel
  produced 11,371 predictions
Running model: distributed_lag
  produced 11,371 predictions
Running model: random_forest_panel
  produced 11,371 predictions
 forecast_horizon_months feature_set            model_id  n_predictions  n_countries   date_min   date_max     rmse      mae      bias     corr  directional_accuracy  active_directional_accuracy  predicted_positive_rate  actual_positive_rate  mean_actual_return  mean_predicted_return  strategy_mean_monthly_return  strategy_monthly_vol  strategy_annualized_sharpe  rmse_improvement_vs_historical_mean
                       5    with_gnc random_forest_panel           7979           19 2020-01-01 2025-12-01 0.116814 0.092253 -0.028705 0.325695              0.666500                     0.666500                 0.745958              0.677904            0.044469               0.015765                      0.045676              0.118773                    1.332168                             0.060443
                       5    with_gnc     distributed_lag           7979           19 2020-01-01 2025-12-01 0.121376 0.096036 -0.033887 0.210851              0.625768                     0.625768                 0.656348              0.677904            0.044469               0.010582                      0.034291              0.122545                    0.969332                             0.023749
                       5    with_gnc   elastic_net_panel           7979           19 2020-01-01 2025-12-01 0.123194 0.097470 -0.034002 0.135993              0.610102                     0.610102                 0.654719              0.677904            0.044469               0.010467                      0.028831              0.123944                    0.805811                             0.009128
                       5    with_gnc     historical_mean           7979           19 2020-01-01 2025-12-01 0.124328 0.098355 -0.034382 0.096521              0.585412                     0.585412                 0.640306              0.677904            0.044469               0.010088                      0.021957              0.125344                    0.606811                             0.000000
                       5    with_gnc      ols_predictive           7979           19 2020-01-01 2025-12-01 0.124383 0.098392 -0.034499 0.095921              0.587417                     0.587417                 0.635543              0.677904            0.044469               0.009971                      0.022175              0.125306                    0.613042                            -0.000440
                       5    with_gnc     always_positive           7979           19 2020-01-01 2025-12-01 0.962941 0.955531  0.955531      NaN              0.677904                     0.677904                 1.000000              0.677904            0.044469               1.000000                      0.044469              0.119230                    1.292014                            -6.745135

================================================================================
Feature set=no_gnc | h=1
Panel: 11,651 rows | 19 countries | eval rows=8,259
Running model: historical_mean
  produced 11,651 predictions
Running model: always_positive
  produced 11,651 predictions
Running model: ols_predictive
  produced 11,651 predictions
Running model: elastic_net_panel
  produced 11,651 predictions
Running model: distributed_lag
  produced 11,651 predictions
Running model: random_forest_panel
  produced 11,651 predictions
 forecast_horizon_months feature_set            model_id  n_predictions  n_countries   date_min   date_max     rmse      mae      bias      corr  directional_accuracy  active_directional_accuracy  predicted_positive_rate  actual_positive_rate  mean_actual_return  mean_predicted_return  strategy_mean_monthly_return  strategy_monthly_vol  strategy_annualized_sharpe  rmse_improvement_vs_historical_mean
                       1      no_gnc     distributed_lag           8259           19 2020-01-01 2026-04-01 0.051813 0.037840 -0.003863  0.712547              0.833757                     0.833757                 0.650684              0.591476            0.007542               0.003679                      0.034222              0.049317                    2.403839                             0.139290
                       1      no_gnc random_forest_panel           8259           19 2020-01-01 2026-04-01 0.052950 0.037148 -0.003208  0.606158              0.839206                     0.839206                 0.641845              0.591476            0.007542               0.004334                      0.032044              0.050759                    2.186861                             0.120408
                       1      no_gnc      ols_predictive           8259           19 2020-01-01 2026-04-01 0.055184 0.039788 -0.004055  0.471013              0.736167                     0.736167                 0.662550              0.591476            0.007542               0.003487                      0.022442              0.055675                    1.396375                             0.083289
                       1      no_gnc   elastic_net_panel           8259           19 2020-01-01 2026-04-01 0.057656 0.042088 -0.004293  0.349014              0.710377                     0.710377                 0.663155              0.591476            0.007542               0.003249                      0.018630              0.057064                    1.130918                             0.042238
                       1      no_gnc     historical_mean           8259           19 2020-01-01 2026-04-01 0.060198 0.044652 -0.004853 -0.034340              0.560601                     0.560601                 0.666182              0.591476            0.007542               0.002689                      0.002038              0.059993                    0.117654                             0.000000
                       1      no_gnc     always_positive           8259           19 2020-01-01 2026-04-01 0.994243 0.992458  0.992458       NaN              0.591476                     0.591476                 1.000000              0.591476            0.007542               1.000000                      0.007542              0.059552                    0.438728                           -15.516123

================================================================================
Feature set=no_gnc | h=2
Panel: 11,625 rows | 19 countries | eval rows=8,233
Running model: historical_mean
  produced 11,625 predictions
Running model: always_positive
  produced 11,625 predictions
Running model: ols_predictive
  produced 11,625 predictions
Running model: elastic_net_panel
  produced 11,625 predictions
Running model: distributed_lag
  produced 11,625 predictions
Running model: random_forest_panel
  produced 11,625 predictions
 forecast_horizon_months feature_set            model_id  n_predictions  n_countries   date_min   date_max     rmse      mae      bias     corr  directional_accuracy  active_directional_accuracy  predicted_positive_rate  actual_positive_rate  mean_actual_return  mean_predicted_return  strategy_mean_monthly_return  strategy_monthly_vol  strategy_annualized_sharpe  rmse_improvement_vs_historical_mean
                       2      no_gnc random_forest_panel           8233           19 2020-01-01 2026-03-01 0.079231 0.058867 -0.007646 0.379080              0.677639                     0.677639                 0.721851               0.61132            0.015469               0.007822                      0.030830              0.079607                    1.341586                             0.067724
                       2      no_gnc     distributed_lag           8233           19 2020-01-01 2026-03-01 0.079417 0.059284 -0.009195 0.419695              0.689178                     0.689178                 0.679947               0.61132            0.015469               0.006274                      0.031902              0.079184                    1.395624                             0.065526
                       2      no_gnc      ols_predictive           8233           19 2020-01-01 2026-03-01 0.081821 0.060828 -0.009384 0.266207              0.642901                     0.642901                 0.676910               0.61132            0.015469               0.006085                      0.020675              0.082827                    0.864709                             0.037245
                       2      no_gnc   elastic_net_panel           8233           19 2020-01-01 2026-03-01 0.083275 0.062232 -0.009504 0.176086              0.621523                     0.621523                 0.686870               0.61132            0.015469               0.005965                      0.019002              0.083227                    0.790889                             0.020142
                       2      no_gnc     historical_mean           8233           19 2020-01-01 2026-03-01 0.084986 0.063859 -0.010033 0.022118              0.562128                     0.562128                 0.679461               0.61132            0.015469               0.005436                      0.007994              0.084994                    0.325829                             0.000000
                       2      no_gnc     always_positive           8233           19 2020-01-01 2026-03-01 0.988104 0.984531  0.984531      NaN              0.611320                     0.611320                 1.000000               0.61132            0.015469               1.000000                      0.015469              0.083956                    0.638260                           -10.626628

================================================================================
Feature set=no_gnc | h=3
Panel: 11,574 rows | 19 countries | eval rows=8,182
Running model: historical_mean
  produced 11,574 predictions
Running model: always_positive
  produced 11,574 predictions
Running model: ols_predictive
  produced 11,574 predictions
Running model: elastic_net_panel
  produced 11,574 predictions
Running model: distributed_lag
  produced 11,574 predictions
Running model: random_forest_panel
  produced 11,574 predictions
 forecast_horizon_months feature_set            model_id  n_predictions  n_countries   date_min   date_max     rmse      mae      bias     corr  directional_accuracy  active_directional_accuracy  predicted_positive_rate  actual_positive_rate  mean_actual_return  mean_predicted_return  strategy_mean_monthly_return  strategy_monthly_vol  strategy_annualized_sharpe  rmse_improvement_vs_historical_mean
                       3      no_gnc random_forest_panel           8182           19 2020-01-01 2026-02-01 0.096487 0.072881 -0.013414 0.319662              0.635297                     0.635297                 0.738450               0.61012            0.023797               0.010383                      0.032920              0.097765                    1.166449                             0.053731
                       3      no_gnc     distributed_lag           8182           19 2020-01-01 2026-02-01 0.097853 0.074312 -0.015888 0.295618              0.637253                     0.637253                 0.682963               0.61012            0.023797               0.007909                      0.031198              0.098328                    1.099095                             0.040332
                       3      no_gnc      ols_predictive           8182           19 2020-01-01 2026-02-01 0.099649 0.075550 -0.016116 0.201077              0.604498                     0.604498                 0.654608               0.61012            0.023797               0.007680                      0.022620              0.100648                    0.778545                             0.022718
                       3      no_gnc   elastic_net_panel           8182           19 2020-01-01 2026-02-01 0.100687 0.076521 -0.016177 0.141275              0.597042                     0.597042                 0.679418               0.61012            0.023797               0.007620                      0.020701              0.101060                    0.709576                             0.012541
                       3      no_gnc     historical_mean           8182           19 2020-01-01 2026-02-01 0.101965 0.077674 -0.016699 0.065231              0.560865                     0.560865                 0.660108               0.61012            0.023797               0.007098                      0.011930              0.102466                    0.403320                             0.000000
                       3      no_gnc     always_positive           8182           19 2020-01-01 2026-02-01 0.981350 0.976203  0.976203      NaN              0.610120                     0.610120                 1.000000               0.61012            0.023797               1.000000                      0.023797              0.100376                    0.821257                            -8.624351

================================================================================
Feature set=no_gnc | h=4
Panel: 11,488 rows | 19 countries | eval rows=8,096
Running model: historical_mean
  produced 11,488 predictions
Running model: always_positive
  produced 11,488 predictions
Running model: ols_predictive
  produced 11,488 predictions
Running model: elastic_net_panel
  produced 11,488 predictions
Running model: distributed_lag
  produced 11,488 predictions
Running model: random_forest_panel
  produced 11,488 predictions
 forecast_horizon_months feature_set            model_id  n_predictions  n_countries   date_min   date_max     rmse      mae      bias     corr  directional_accuracy  active_directional_accuracy  predicted_positive_rate  actual_positive_rate  mean_actual_return  mean_predicted_return  strategy_mean_monthly_return  strategy_monthly_vol  strategy_annualized_sharpe  rmse_improvement_vs_historical_mean
                       4      no_gnc random_forest_panel           8096           19 2020-01-01 2026-01-01 0.105331 0.081281 -0.021406 0.341214              0.683547                     0.683547                 0.747036              0.653903            0.035298               0.013892                      0.042185              0.106670                    1.369947                             0.062385
                       4      no_gnc     distributed_lag           8096           19 2020-01-01 2026-01-01 0.108825 0.084609 -0.025472 0.250815              0.641428                     0.641428                 0.668602              0.653903            0.035298               0.009826                      0.033537              0.109697                    1.059065                             0.031289
                       4      no_gnc      ols_predictive           8096           19 2020-01-01 2026-01-01 0.110225 0.085474 -0.025741 0.190122              0.620306                     0.620306                 0.645010              0.653903            0.035298               0.009556                      0.027263              0.111422                    0.847621                             0.018820
                       4      no_gnc   elastic_net_panel           8096           19 2020-01-01 2026-01-01 0.111131 0.086391 -0.025767 0.143775              0.616971                     0.616971                 0.677989              0.653903            0.035298               0.009530                      0.025061              0.111938                    0.775567                             0.010763
                       4      no_gnc     historical_mean           8096           19 2020-01-01 2026-01-01 0.112340 0.087449 -0.026198 0.090512              0.585104                     0.585104                 0.664155              0.653903            0.035298               0.009099                      0.018278              0.113243                    0.559120                             0.000000
                       4      no_gnc     always_positive           8096           19 2020-01-01 2026-01-01 0.970857 0.964702  0.964702      NaN              0.653903                     0.653903                 1.000000              0.653903            0.035298               1.000000                      0.035298              0.109143                    1.120319                            -7.642160

================================================================================
Feature set=no_gnc | h=5
Panel: 11,371 rows | 19 countries | eval rows=7,979
Running model: historical_mean
  produced 11,371 predictions
Running model: always_positive
  produced 11,371 predictions
Running model: ols_predictive
  produced 11,371 predictions
Running model: elastic_net_panel
  produced 11,371 predictions
Running model: distributed_lag
  produced 11,371 predictions
Running model: random_forest_panel
  produced 11,371 predictions
 forecast_horizon_months feature_set            model_id  n_predictions  n_countries   date_min   date_max     rmse      mae      bias     corr  directional_accuracy  active_directional_accuracy  predicted_positive_rate  actual_positive_rate  mean_actual_return  mean_predicted_return  strategy_mean_monthly_return  strategy_monthly_vol  strategy_annualized_sharpe  rmse_improvement_vs_historical_mean
                       5      no_gnc random_forest_panel           7979           19 2020-01-01 2025-12-01 0.115817 0.091436 -0.028281 0.350387              0.676025                     0.676025                 0.752475              0.677904            0.044469               0.016189                      0.049139              0.117382                    1.450159                             0.068461
                       5      no_gnc     distributed_lag           7979           19 2020-01-01 2025-12-01 0.121330 0.096002 -0.033778 0.211471              0.626269                     0.626269                 0.660108              0.677904            0.044469               0.010691                      0.034349              0.122529                    0.971117                             0.024117
                       5      no_gnc      ols_predictive           7979           19 2020-01-01 2025-12-01 0.122671 0.096811 -0.034104 0.164910              0.605966                     0.605966                 0.621256              0.677904            0.044469               0.010365                      0.028380              0.124048                    0.792530                             0.013335
                       5      no_gnc   elastic_net_panel           7979           19 2020-01-01 2025-12-01 0.123231 0.097519 -0.034060 0.134890              0.610853                     0.610853                 0.652713              0.677904            0.044469               0.010409                      0.028873              0.123934                    0.807022                             0.008829
                       5      no_gnc     historical_mean           7979           19 2020-01-01 2025-12-01 0.124328 0.098355 -0.034382 0.096521              0.585412                     0.585412                 0.640306              0.677904            0.044469               0.010088                      0.021957              0.125344                    0.606811                             0.000000
                       5      no_gnc     always_positive           7979           19 2020-01-01 2025-12-01 0.962941 0.955531  0.955531      NaN              0.677904                     0.677904                 1.000000              0.677904            0.044469               1.000000                      0.044469              0.119230                    1.292014                            -6.745135

Done.
All outputs: data/outputs/return_forecasting/gnc_ablation_tau04_usd19_no_sri_lanka_bd5d48e_20260612_v2
