Using device: cuda
epoch=1 train_loss=0.912567 val_loss=0.792608 val_mse=0.023021 val_dice=0.360254 best_thr=0.50 best_thr_dice=0.360254
epoch=2 train_loss=0.749685 val_loss=0.720544 val_mse=0.020179 val_dice=0.394197 best_thr=0.30 best_thr_dice=0.396713
epoch=3 train_loss=0.677484 val_loss=0.664974 val_mse=0.018553 val_dice=0.435401 best_thr=0.20 best_thr_dice=0.446933
epoch=4 train_loss=0.639733 val_loss=0.637470 val_mse=0.019691 val_dice=0.462242 best_thr=0.60 best_thr_dice=0.462957
epoch=5 train_loss=0.615216 val_loss=0.618109 val_mse=0.017577 val_dice=0.477833 best_thr=0.30 best_thr_dice=0.479436
epoch=6 train_loss=0.599045 val_loss=0.612905 val_mse=0.015447 val_dice=0.472491 best_thr=0.20 best_thr_dice=0.484310
epoch=7 train_loss=0.581321 val_loss=0.608461 val_mse=0.018645 val_dice=0.484094 best_thr=0.60 best_thr_dice=0.484656
epoch=8 train_loss=0.572391 val_loss=0.579477 val_mse=0.015108 val_dice=0.505307 best_thr=0.30 best_thr_dice=0.506689
epoch=9 train_loss=0.552848 val_loss=0.567745 val_mse=0.016348 val_dice=0.518869 best_thr=0.60 best_thr_dice=0.518936
epoch=10 train_loss=0.546141 val_loss=0.565111 val_mse=0.016963 val_dice=0.518016 best_thr=0.60 best_thr_dice=0.519935
epoch=11 train_loss=0.538431 val_loss=0.551119 val_mse=0.014754 val_dice=0.530538 best_thr=0.20 best_thr_dice=0.536224
epoch=12 train_loss=0.517622 val_loss=0.624528 val_mse=0.023554 val_dice=0.478775 best_thr=0.60 best_thr_dice=0.485231
epoch=13 train_loss=0.514053 val_loss=0.501422 val_mse=0.013918 val_dice=0.572770 best_thr=0.60 best_thr_dice=0.573770
epoch=14 train_loss=0.501527 val_loss=0.554369 val_mse=0.014047 val_dice=0.525231 best_thr=0.20 best_thr_dice=0.538816
epoch=15 train_loss=0.494511 val_loss=0.511003 val_mse=0.013829 val_dice=0.563632 best_thr=0.60 best_thr_dice=0.563942
epoch=16 train_loss=0.484393 val_loss=0.533851 val_mse=0.013670 val_dice=0.544489 best_thr=0.20 best_thr_dice=0.557112
epoch=17 train_loss=0.479499 val_loss=0.479974 val_mse=0.013266 val_dice=0.589456 best_thr=0.60 best_thr_dice=0.589867
epoch=18 train_loss=0.474256 val_loss=0.491330 val_mse=0.013149 val_dice=0.581313 best_thr=0.40 best_thr_dice=0.581713
epoch=19 train_loss=0.469939 val_loss=0.525897 val_mse=0.013213 val_dice=0.555623 best_thr=0.20 best_thr_dice=0.565825
epoch=20 train_loss=0.462861 val_loss=0.469871 val_mse=0.012403 val_dice=0.596978 best_thr=0.40 best_thr_dice=0.597402
epoch=21 train_loss=0.467038 val_loss=0.488287 val_mse=0.014169 val_dice=0.583325 best_thr=0.60 best_thr_dice=0.585599
epoch=22 train_loss=0.456660 val_loss=0.454939 val_mse=0.011657 val_dice=0.607557 best_thr=0.20 best_thr_dice=0.610755
epoch=23 train_loss=0.459571 val_loss=0.469210 val_mse=0.011620 val_dice=0.596573 best_thr=0.20 best_thr_dice=0.602728
epoch=24 train_loss=0.448829 val_loss=0.449392 val_mse=0.011380 val_dice=0.614855 best_thr=0.20 best_thr_dice=0.618609
epoch=25 train_loss=0.450500 val_loss=0.452967 val_mse=0.012035 val_dice=0.610497 best_thr=0.40 best_thr_dice=0.610562
epoch=26 train_loss=0.442835 val_loss=0.440927 val_mse=0.011224 val_dice=0.620811 best_thr=0.20 best_thr_dice=0.623052
epoch=27 train_loss=0.437985 val_loss=0.453986 val_mse=0.012208 val_dice=0.611382 best_thr=0.20 best_thr_dice=0.612360
epoch=28 train_loss=0.448305 val_loss=0.455783 val_mse=0.011803 val_dice=0.607623 best_thr=0.40 best_thr_dice=0.608001
epoch=29 train_loss=0.434167 val_loss=0.444227 val_mse=0.011720 val_dice=0.618127 best_thr=0.40 best_thr_dice=0.618398
epoch=30 train_loss=0.441722 val_loss=0.533711 val_mse=0.012860 val_dice=0.540362 best_thr=0.20 best_thr_dice=0.557117
epoch=31 train_loss=0.433719 val_loss=0.464783 val_mse=0.011647 val_dice=0.601911 best_thr=0.20 best_thr_dice=0.609524
epoch=32 train_loss=0.423908 val_loss=0.438223 val_mse=0.011770 val_dice=0.623139 best_thr=0.60 best_thr_dice=0.623519
epoch=33 train_loss=0.427018 val_loss=0.441257 val_mse=0.010800 val_dice=0.620116 best_thr=0.20 best_thr_dice=0.621715
epoch=34 train_loss=0.424355 val_loss=0.440915 val_mse=0.010854 val_dice=0.619570 best_thr=0.20 best_thr_dice=0.625113
epoch=35 train_loss=0.420457 val_loss=0.434875 val_mse=0.011317 val_dice=0.625817 best_thr=0.60 best_thr_dice=0.626168
epoch=36 train_loss=0.423749 val_loss=0.443759 val_mse=0.010946 val_dice=0.619408 best_thr=0.20 best_thr_dice=0.625106
epoch=37 train_loss=0.418152 val_loss=0.425323 val_mse=0.011082 val_dice=0.633223 best_thr=0.60 best_thr_dice=0.633354
epoch=38 train_loss=0.422568 val_loss=0.422296 val_mse=0.010665 val_dice=0.636334 best_thr=0.30 best_thr_dice=0.637304
epoch=39 train_loss=0.418757 val_loss=0.420482 val_mse=0.010874 val_dice=0.638500 best_thr=0.40 best_thr_dice=0.638656
epoch=40 train_loss=0.418615 val_loss=0.423932 val_mse=0.011297 val_dice=0.637092 best_thr=0.60 best_thr_dice=0.637877
epoch=41 train_loss=0.412399 val_loss=0.422135 val_mse=0.010678 val_dice=0.635433 best_thr=0.20 best_thr_dice=0.637282
epoch=42 train_loss=0.409924 val_loss=0.421242 val_mse=0.010406 val_dice=0.635635 best_thr=0.20 best_thr_dice=0.641162
epoch=43 train_loss=0.410494 val_loss=0.435149 val_mse=0.011150 val_dice=0.626236 best_thr=0.50 best_thr_dice=0.626236
epoch=44 train_loss=0.404535 val_loss=0.433808 val_mse=0.011864 val_dice=0.627433 best_thr=0.60 best_thr_dice=0.627616
epoch=45 train_loss=0.407451 val_loss=0.441303 val_mse=0.011808 val_dice=0.623846 best_thr=0.60 best_thr_dice=0.625303
epoch=46 train_loss=0.410072 val_loss=0.425796 val_mse=0.010987 val_dice=0.633229 best_thr=0.60 best_thr_dice=0.633258
epoch=47 train_loss=0.403293 val_loss=0.448718 val_mse=0.012302 val_dice=0.616628 best_thr=0.60 best_thr_dice=0.619063
epoch=48 train_loss=0.403291 val_loss=0.461920 val_mse=0.011068 val_dice=0.604066 best_thr=0.20 best_thr_dice=0.611234
epoch=49 train_loss=0.405456 val_loss=0.419596 val_mse=0.010952 val_dice=0.638315 best_thr=0.60 best_thr_dice=0.638623
epoch=50 train_loss=0.401538 val_loss=0.438054 val_mse=0.011022 val_dice=0.626028 best_thr=0.30 best_thr_dice=0.627555
epoch=51 train_loss=0.398411 val_loss=0.427967 val_mse=0.010476 val_dice=0.634264 best_thr=0.20 best_thr_dice=0.636748
epoch=52 train_loss=0.401687 val_loss=0.421793 val_mse=0.010997 val_dice=0.637434 best_thr=0.60 best_thr_dice=0.638135
epoch=53 train_loss=0.396041 val_loss=0.425874 val_mse=0.010962 val_dice=0.634106 best_thr=0.20 best_thr_dice=0.637038
epoch=54 train_loss=0.397649 val_loss=0.413174 val_mse=0.010679 val_dice=0.645950 best_thr=0.60 best_thr_dice=0.646084
epoch=55 train_loss=0.400191 val_loss=0.429340 val_mse=0.010738 val_dice=0.631951 best_thr=0.20 best_thr_dice=0.635277
epoch=56 train_loss=0.389188 val_loss=0.418360 val_mse=0.010574 val_dice=0.640229 best_thr=0.40 best_thr_dice=0.640620
epoch=57 train_loss=0.389607 val_loss=0.431248 val_mse=0.010107 val_dice=0.624374 best_thr=0.20 best_thr_dice=0.629791
epoch=58 train_loss=0.391897 val_loss=0.406285 val_mse=0.010521 val_dice=0.650890 best_thr=0.60 best_thr_dice=0.651053
epoch=59 train_loss=0.392092 val_loss=0.409939 val_mse=0.010268 val_dice=0.647797 best_thr=0.50 best_thr_dice=0.647797
epoch=60 train_loss=0.393050 val_loss=0.417801 val_mse=0.010983 val_dice=0.642106 best_thr=0.60 best_thr_dice=0.642247
epoch=61 train_loss=0.384187 val_loss=0.412935 val_mse=0.010226 val_dice=0.643439 best_thr=0.20 best_thr_dice=0.646657
epoch=62 train_loss=0.384834 val_loss=0.426419 val_mse=0.011284 val_dice=0.635282 best_thr=0.50 best_thr_dice=0.635282
epoch=63 train_loss=0.382964 val_loss=0.411332 val_mse=0.010404 val_dice=0.644754 best_thr=0.20 best_thr_dice=0.647686
epoch=64 train_loss=0.379517 val_loss=0.417735 val_mse=0.010601 val_dice=0.640802 best_thr=0.40 best_thr_dice=0.640839
epoch=65 train_loss=0.387811 val_loss=0.423117 val_mse=0.010919 val_dice=0.637187 best_thr=0.30 best_thr_dice=0.638002
epoch=66 train_loss=0.384305 val_loss=0.423156 val_mse=0.010399 val_dice=0.635599 best_thr=0.20 best_thr_dice=0.640850
epoch=67 train_loss=0.382042 val_loss=0.412843 val_mse=0.010502 val_dice=0.647382 best_thr=0.20 best_thr_dice=0.648512
epoch=68 train_loss=0.386647 val_loss=0.430605 val_mse=0.010660 val_dice=0.627996 best_thr=0.20 best_thr_dice=0.631036
epoch=69 train_loss=0.378955 val_loss=0.410772 val_mse=0.010466 val_dice=0.646532 best_thr=0.30 best_thr_dice=0.647286
epoch=70 train_loss=0.378035 val_loss=0.405617 val_mse=0.010670 val_dice=0.651680 best_thr=0.60 best_thr_dice=0.652863
epoch=71 train_loss=0.376619 val_loss=0.418819 val_mse=0.010406 val_dice=0.641337 best_thr=0.20 best_thr_dice=0.644709
epoch=72 train_loss=0.374891 val_loss=0.408739 val_mse=0.010429 val_dice=0.649508 best_thr=0.60 best_thr_dice=0.649836
epoch=73 train_loss=0.381540 val_loss=0.421148 val_mse=0.010769 val_dice=0.638519 best_thr=0.30 best_thr_dice=0.639509
epoch=74 train_loss=0.380231 val_loss=0.424202 val_mse=0.010406 val_dice=0.635706 best_thr=0.20 best_thr_dice=0.643053
epoch=75 train_loss=0.374712 val_loss=0.415242 val_mse=0.010680 val_dice=0.643448 best_thr=0.40 best_thr_dice=0.643891
epoch=76 train_loss=0.376061 val_loss=0.412174 val_mse=0.010383 val_dice=0.644630 best_thr=0.40 best_thr_dice=0.644877
epoch=77 train_loss=0.370330 val_loss=0.400732 val_mse=0.010448 val_dice=0.658036 best_thr=0.50 best_thr_dice=0.658036
epoch=78 train_loss=0.380604 val_loss=0.420078 val_mse=0.010563 val_dice=0.636614 best_thr=0.20 best_thr_dice=0.638758
epoch=79 train_loss=0.376304 val_loss=0.407382 val_mse=0.010063 val_dice=0.649025 best_thr=0.20 best_thr_dice=0.651847
epoch=80 train_loss=0.368282 val_loss=0.402290 val_mse=0.010349 val_dice=0.655186 best_thr=0.40 best_thr_dice=0.655458
epoch=81 train_loss=0.369115 val_loss=0.413231 val_mse=0.010533 val_dice=0.645223 best_thr=0.20 best_thr_dice=0.647644
epoch=82 train_loss=0.375852 val_loss=0.393939 val_mse=0.010300 val_dice=0.661701 best_thr=0.50 best_thr_dice=0.661701
epoch=83 train_loss=0.367181 val_loss=0.390859 val_mse=0.010105 val_dice=0.664167 best_thr=0.40 best_thr_dice=0.664329
epoch=84 train_loss=0.368177 val_loss=0.401977 val_mse=0.010053 val_dice=0.654784 best_thr=0.30 best_thr_dice=0.655414
epoch=85 train_loss=0.362441 val_loss=0.413090 val_mse=0.010555 val_dice=0.647614 best_thr=0.20 best_thr_dice=0.652702
epoch=86 train_loss=0.367287 val_loss=0.391786 val_mse=0.009940 val_dice=0.662026 best_thr=0.40 best_thr_dice=0.662415
epoch=87 train_loss=0.361166 val_loss=0.398447 val_mse=0.010092 val_dice=0.659091 best_thr=0.30 best_thr_dice=0.659843
epoch=88 train_loss=0.366234 val_loss=0.392701 val_mse=0.010050 val_dice=0.661530 best_thr=0.30 best_thr_dice=0.662027
epoch=89 train_loss=0.364901 val_loss=0.394785 val_mse=0.010691 val_dice=0.661603 best_thr=0.60 best_thr_dice=0.662186
epoch=90 train_loss=0.365687 val_loss=0.398191 val_mse=0.010338 val_dice=0.657903 best_thr=0.60 best_thr_dice=0.657916
epoch=91 train_loss=0.362955 val_loss=0.410934 val_mse=0.010625 val_dice=0.648856 best_thr=0.60 best_thr_dice=0.649431
epoch=92 train_loss=0.361720 val_loss=0.408956 val_mse=0.010017 val_dice=0.648722 best_thr=0.20 best_thr_dice=0.655175
epoch=93 train_loss=0.361576 val_loss=0.400808 val_mse=0.010261 val_dice=0.657755 best_thr=0.50 best_thr_dice=0.657755
epoch=94 train_loss=0.361158 val_loss=0.392767 val_mse=0.010181 val_dice=0.662027 best_thr=0.20 best_thr_dice=0.662966
epoch=95 train_loss=0.367934 val_loss=0.413820 val_mse=0.010317 val_dice=0.645987 best_thr=0.20 best_thr_dice=0.652808
epoch=96 train_loss=0.358839 val_loss=0.383367 val_mse=0.009736 val_dice=0.670214 best_thr=0.40 best_thr_dice=0.670700
epoch=97 train_loss=0.360735 val_loss=0.403352 val_mse=0.010355 val_dice=0.654045 best_thr=0.60 best_thr_dice=0.654101
epoch=98 train_loss=0.358461 val_loss=0.401599 val_mse=0.009884 val_dice=0.653418 best_thr=0.20 best_thr_dice=0.656113
epoch=99 train_loss=0.360710 val_loss=0.409981 val_mse=0.010225 val_dice=0.646475 best_thr=0.30 best_thr_dice=0.647060
epoch=100 train_loss=0.354011 val_loss=0.404466 val_mse=0.009929 val_dice=0.651792 best_thr=0.20 best_thr_dice=0.655797
Using device: cuda
Running inference on 115 images...
Segmentation pipeline complete
run_id: 20260521_204006
run_dir: /zhome/da/1/205333/bachelor_seg/runs_la_lb_bce_dice_percentile_batch1_80_10_10/20260521_204006
pair_report: /zhome/da/1/205333/bachelor_seg/runs_la_lb_bce_dice_percentile_batch1_80_10_10/20260521_204006/contract/pair_report.csv
pair_errors: /zhome/da/1/205333/bachelor_seg/runs_la_lb_bce_dice_percentile_batch1_80_10_10/20260521_204006/contract/pair_errors.csv
pair_summary: /zhome/da/1/205333/bachelor_seg/runs_la_lb_bce_dice_percentile_batch1_80_10_10/20260521_204006/contract/pair_summary.json
train_csv: /zhome/da/1/205333/bachelor_seg/runs_la_lb_bce_dice_percentile_batch1_80_10_10/20260521_204006/splits/train.csv
val_csv: /zhome/da/1/205333/bachelor_seg/runs_la_lb_bce_dice_percentile_batch1_80_10_10/20260521_204006/splits/val.csv
test_csv: /zhome/da/1/205333/bachelor_seg/runs_la_lb_bce_dice_percentile_batch1_80_10_10/20260521_204006/splits/test.csv
best_checkpoint: /zhome/da/1/205333/bachelor_seg/runs_la_lb_bce_dice_percentile_batch1_80_10_10/20260521_204006/checkpoints/best.pt
last_checkpoint: /zhome/da/1/205333/bachelor_seg/runs_la_lb_bce_dice_percentile_batch1_80_10_10/20260521_204006/checkpoints/last.pt
metrics_csv: /zhome/da/1/205333/bachelor_seg/runs_la_lb_bce_dice_percentile_batch1_80_10_10/20260521_204006/metrics.csv
predictions_csv: /zhome/da/1/205333/bachelor_seg/runs_la_lb_bce_dice_percentile_batch1_80_10_10/20260521_204006/inference/predictions.csv
inference_summary: /zhome/da/1/205333/bachelor_seg/runs_la_lb_bce_dice_percentile_batch1_80_10_10/20260521_204006/inference/inference_summary.json
port_timeseries_csv: /zhome/da/1/205333/bachelor_seg/runs_la_lb_bce_dice_percentile_batch1_80_10_10/20260521_204006/port_timeseries.csv
run_report_html: /zhome/da/1/205333/bachelor_seg/runs_la_lb_bce_dice_percentile_batch1_80_10_10/20260521_204006/report/index.html
run_report_summary_json: /zhome/da/1/205333/bachelor_seg/runs_la_lb_bce_dice_percentile_batch1_80_10_10/20260521_204006/report/report_summary.json

------------------------------------------------------------
Sender: LSF System <lsfadmin@hpc.dtu.dk>
Subject: Job 28490168: <la_lb_bd_p_b1> in cluster <dcc> Done

Job <la_lb_bd_p_b1> was submitted from host <gbarlogin1> by user <s234903> in cluster <dcc> at Thu May 21 22:39:37 2026
Job was executed on host(s) <4*n-62-12-22>, in queue <gpua100>, as user <s234903> in cluster <dcc> at Thu May 21 22:40:03 2026
</zhome/da/1/205333> was used as the home directory.
</zhome/da/1/205333/bachelor_seg/Bachelor-portfolio-original> was used as the working directory.
Started at Thu May 21 22:40:03 2026
Terminated at Fri May 22 00:09:20 2026
Results reported at Fri May 22 00:09:20 2026

Your job looked like:

------------------------------------------------------------
# LSBATCH: User input
#!/bin/sh
#BSUB -q gpua100
#BSUB -J la_lb_bd_p_b1
#BSUB -n 4
#BSUB -R "span[hosts=1]"
#BSUB -gpu "num=1:mode=exclusive_process"
#BSUB -W 24:00
#BSUB -R "rusage[mem=8GB]"
#BSUB -o la_lb_bd_p_b1_%J.out
#BSUB -e la_lb_bd_p_b1_%J.err

module purge
module load python3/3.11.9
source ~/bachelor_seg/venv_seg/bin/activate

cd ~/bachelor_seg/Bachelor-portfolio-original

python -m pipelines.run_segmentation_pipeline \
  --config pipelines/segmentation_config.la_lb_hpc_bce_dice_percentile_batch1.yaml

------------------------------------------------------------

Successfully completed.

Resource usage summary:

    CPU time :                                   9108.00 sec.
    Max Memory :                                 1308 MB
    Average Memory :                             1158.49 MB
    Total Requested Memory :                     32768.00 MB
    Delta Memory :                               31460.00 MB
    Max Swap :                                   -
    Max Processes :                              8
    Max Threads :                                27
    Run time :                                   5357 sec.
    Turnaround time :                            5383 sec.

The output (if any) is above this job summary.



PS:

Read file <la_lb_bd_p_b1_28490168.err> for stderr output of this job.
